<?xml version="1.0" encoding="UTF-8"?>
<!-- Generated by org.testng.reporters.JUnitXMLReporter -->
<testsuite hostname="srijaytechlap1" ignored="0" name="RetryLogic in TestNG during Run time" tests="4" failures="1" timestamp="2019-12-16T12:46:52 IST" time="79.32" errors="0">
  <testcase name="getTitle" time="0.03" classname="mytest.MyTestClass">
    <skipped/>
  </testcase> <!-- getTitle -->
  <testcase name="getTitle" time="0.023" classname="mytest.MyTestClass">
    <skipped/>
  </testcase> <!-- getTitle -->
  <testcase name="getTitle" time="0.024" classname="mytest.MyTestClass">
    <skipped/>
  </testcase> <!-- getTitle -->
  <testcase name="getTitle" time="0.017" classname="mytest.MyTestClass">
    <failure type="java.lang.AssertionError" message="expected [SpiceJet - Flight Booking for Domestic and International, Cheap Air] but found [SpiceJet - Flight Booking for Domestic and International, Cheap Air Tickets]">
      <![CDATA[java.lang.AssertionError: expected [SpiceJet - Flight Booking for Domestic and International, Cheap Air] but found [SpiceJet - Flight Booking for Domestic and International, Cheap Air Tickets]
at mytest.MyTestClass.getTitle(MyTestClass.java:45)
at java.util.ArrayList.forEach(ArrayList.java:1257)
... Removed 32 stack frames]]>
    </failure>
  </testcase> <!-- getTitle -->
</testsuite> <!-- RetryLogic in TestNG during Run time -->
